<?xml version="1.0" encoding="UTF-8" ?>
<testsuite tests="1" failures="0" name="com.adargasystems.jpaproto.EmployeeServiceImplTest" time="0.138" errors="1" skipped="0">
  <properties>
    <property name="java.runtime.name" value="Java(TM) SE Runtime Environment"/>
    <property name="sun.boot.library.path" value="/opt/jdk1.8.0_45/jre/lib/amd64"/>
    <property name="java.vm.version" value="25.45-b02"/>
    <property name="java.vm.vendor" value="Oracle Corporation"/>
    <property name="maven.multiModuleProjectDirectory" value="/home/William/workspaces/sandbox/eip"/>
    <property name="java.vendor.url" value="http://java.oracle.com/"/>
    <property name="path.separator" value=":"/>
    <property name="guice.disable.misplaced.annotation.check" value="true"/>
    <property name="java.vm.name" value="Java HotSpot(TM) 64-Bit Server VM"/>
    <property name="file.encoding.pkg" value="sun.io"/>
    <property name="user.country" value="US"/>
    <property name="sun.java.launcher" value="SUN_STANDARD"/>
    <property name="sun.os.patch.level" value="unknown"/>
    <property name="java.vm.specification.name" value="Java Virtual Machine Specification"/>
    <property name="user.dir" value="/home/William/workspaces/sandbox/eip"/>
    <property name="java.runtime.version" value="1.8.0_45-b14"/>
    <property name="java.awt.graphicsenv" value="sun.awt.X11GraphicsEnvironment"/>
    <property name="java.endorsed.dirs" value="/opt/jdk1.8.0_45/jre/lib/endorsed"/>
    <property name="os.arch" value="amd64"/>
    <property name="java.io.tmpdir" value="/tmp"/>
    <property name="line.separator" value="
"/>
    <property name="java.vm.specification.vendor" value="Oracle Corporation"/>
    <property name="os.name" value="Linux"/>
    <property name="classworlds.conf" value="/usr/local/maven/bin/m2.conf"/>
    <property name="sun.jnu.encoding" value="UTF-8"/>
    <property name="java.library.path" value="/usr/local/lib64:/usr/java/packages/lib/amd64:/usr/lib64:/lib64:/lib:/usr/lib"/>
    <property name="java.specification.name" value="Java Platform API Specification"/>
    <property name="java.class.version" value="52.0"/>
    <property name="sun.management.compiler" value="HotSpot 64-Bit Tiered Compilers"/>
    <property name="os.version" value="2.6.32-573.7.1.el6.x86_64"/>
    <property name="user.home" value="/home/William"/>
    <property name="user.timezone" value="America/New_York"/>
    <property name="java.awt.printerjob" value="sun.print.PSPrinterJob"/>
    <property name="file.encoding" value="UTF-8"/>
    <property name="java.specification.version" value="1.8"/>
    <property name="user.name" value="William"/>
    <property name="java.class.path" value="/usr/local/maven/boot/plexus-classworlds-2.5.2.jar"/>
    <property name="java.vm.specification.version" value="1.8"/>
    <property name="sun.arch.data.model" value="64"/>
    <property name="java.home" value="/opt/jdk1.8.0_45/jre"/>
    <property name="sun.java.command" value="org.codehaus.plexus.classworlds.launcher.Launcher clean install"/>
    <property name="java.specification.vendor" value="Oracle Corporation"/>
    <property name="user.language" value="en"/>
    <property name="awt.toolkit" value="sun.awt.X11.XToolkit"/>
    <property name="java.vm.info" value="mixed mode"/>
    <property name="java.version" value="1.8.0_45"/>
    <property name="java.ext.dirs" value="/opt/jdk1.8.0_45/jre/lib/ext:/usr/java/packages/lib/ext"/>
    <property name="securerandom.source" value="file:/dev/./urandom"/>
    <property name="sun.boot.class.path" value="/opt/jdk1.8.0_45/jre/lib/resources.jar:/opt/jdk1.8.0_45/jre/lib/rt.jar:/opt/jdk1.8.0_45/jre/lib/sunrsasign.jar:/opt/jdk1.8.0_45/jre/lib/jsse.jar:/opt/jdk1.8.0_45/jre/lib/jce.jar:/opt/jdk1.8.0_45/jre/lib/charsets.jar:/opt/jdk1.8.0_45/jre/lib/jfr.jar:/opt/jdk1.8.0_45/jre/classes"/>
    <property name="java.vendor" value="Oracle Corporation"/>
    <property name="maven.home" value="/usr/local/maven"/>
    <property name="file.separator" value="/"/>
    <property name="java.vendor.url.bug" value="http://bugreport.sun.com/bugreport/"/>
    <property name="sun.cpu.endian" value="little"/>
    <property name="sun.io.unicode.encoding" value="UnicodeLittle"/>
    <property name="sun.desktop" value="gnome"/>
    <property name="sun.cpu.isalist" value=""/>
  </properties>
  <testcase classname="com.adargasystems.jpaproto.EmployeeServiceImplTest" name="testEmployeeServiceImpl" time="0.138">
    <error message="The persistence provider is attempting to use properties in the persistence.xml file to resolve the data source. A Java Database Connectivity (JDBC) driver or data source class name must be specified in the openjpa.ConnectionDriverName or javax.persistence.jdbc.driver property. The following properties are available in the configuration: &quot;org.apache.openjpa.jdbc.conf.JDBCConfigurationImpl@442ce698&quot;. " type="&lt;openjpa-2.2.2-r422266">&lt;openjpa-2.2.2-r422266:1468616 fatal user error&gt; org.apache.openjpa.persistence.ArgumentException: The persistence provider is attempting to use properties in the persistence.xml file to resolve the data source. A Java Database Connectivity (JDBC) driver or data source class name must be specified in the openjpa.ConnectionDriverName or javax.persistence.jdbc.driver property. The following properties are available in the configuration: &quot;org.apache.openjpa.jdbc.conf.JDBCConfigurationImpl@442ce698&quot;. 
	at org.apache.openjpa.jdbc.schema.DataSourceFactory.newDataSource(DataSourceFactory.java:72)
	at org.apache.openjpa.jdbc.conf.JDBCConfigurationImpl.createConnectionFactory(JDBCConfigurationImpl.java:849)
	at org.apache.openjpa.jdbc.conf.JDBCConfigurationImpl.getDBDictionaryInstance(JDBCConfigurationImpl.java:602)
	at org.apache.openjpa.jdbc.meta.MappingRepository.endConfiguration(MappingRepository.java:1518)
	at org.apache.openjpa.lib.conf.Configurations.configureInstance(Configurations.java:531)
	at org.apache.openjpa.lib.conf.Configurations.configureInstance(Configurations.java:456)
	at org.apache.openjpa.lib.conf.PluginValue.instantiate(PluginValue.java:120)
	at org.apache.openjpa.conf.MetaDataRepositoryValue.instantiate(MetaDataRepositoryValue.java:68)
	at org.apache.openjpa.lib.conf.ObjectValue.instantiate(ObjectValue.java:83)
	at org.apache.openjpa.conf.OpenJPAConfigurationImpl.newMetaDataRepositoryInstance(OpenJPAConfigurationImpl.java:967)
	at org.apache.openjpa.conf.OpenJPAConfigurationImpl.getMetaDataRepositoryInstance(OpenJPAConfigurationImpl.java:958)
	at org.apache.openjpa.kernel.AbstractBrokerFactory.makeReadOnly(AbstractBrokerFactory.java:644)
	at org.apache.openjpa.kernel.AbstractBrokerFactory.newBroker(AbstractBrokerFactory.java:203)
	at org.apache.openjpa.kernel.DelegatingBrokerFactory.newBroker(DelegatingBrokerFactory.java:156)
	at org.apache.openjpa.persistence.EntityManagerFactoryImpl.createEntityManager(EntityManagerFactoryImpl.java:227)
	at org.apache.openjpa.persistence.EntityManagerFactoryImpl.createEntityManager(EntityManagerFactoryImpl.java:154)
	at org.apache.openjpa.persistence.EntityManagerFactoryImpl.createEntityManager(EntityManagerFactoryImpl.java:60)
	at com.adargasystems.jpaproto.EmployeeServiceImplTest.testEmployeeServiceImpl(EmployeeServiceImplTest.java:13)
</error>
    <system-err>28  INFO   [main] openjpa.Runtime - Starting OpenJPA 2.2.2
</system-err>
  </testcase>
</testsuite>